0 info it worked if it ends with ok
1 verbose cli [ 'node', '/usr/local/bin/npm', 'install', 'fs-extra' ]
2 info using npm@1.4.28
3 info using node@v0.10.33
4 warn package.json nodemailer-express-handlebars@0.0.2 No repository field.
5 verbose readDependencies using package.json deps
6 verbose cache add [ 'fs-extra@^0.13.0', null ]
7 verbose cache add name=undefined spec="fs-extra@^0.13.0" args=["fs-extra@^0.13.0",null]
8 verbose parsed url { protocol: null,
8 verbose parsed url   slashes: null,
8 verbose parsed url   auth: null,
8 verbose parsed url   host: null,
8 verbose parsed url   port: null,
8 verbose parsed url   hostname: null,
8 verbose parsed url   hash: null,
8 verbose parsed url   search: null,
8 verbose parsed url   query: null,
8 verbose parsed url   pathname: 'fs-extra@^0.13.0',
8 verbose parsed url   path: 'fs-extra@^0.13.0',
8 verbose parsed url   href: 'fs-extra@^0.13.0' }
9 verbose cache add name="fs-extra" spec="^0.13.0" args=["fs-extra","^0.13.0"]
10 verbose parsed url { protocol: null,
10 verbose parsed url   slashes: null,
10 verbose parsed url   auth: null,
10 verbose parsed url   host: null,
10 verbose parsed url   port: null,
10 verbose parsed url   hostname: null,
10 verbose parsed url   hash: null,
10 verbose parsed url   search: null,
10 verbose parsed url   query: null,
10 verbose parsed url   pathname: '^0.13.0',
10 verbose parsed url   path: '^0.13.0',
10 verbose parsed url   href: '^0.13.0' }
11 verbose addNamed [ 'fs-extra', '^0.13.0' ]
12 verbose addNamed [ null, '>=0.13.0-0 <0.14.0-0' ]
13 silly lockFile eae7fd1b-fs-extra-0-13-0 fs-extra@^0.13.0
14 verbose lock fs-extra@^0.13.0 /Users/ninamorena/.npm/eae7fd1b-fs-extra-0-13-0.lock
15 silly addNameRange { name: 'fs-extra',
15 silly addNameRange   range: '>=0.13.0-0 <0.14.0-0',
15 silly addNameRange   hasData: false }
16 verbose request where is /fs-extra
17 verbose request registry https://registry.npmjs.org/
18 verbose request id c573510b9252f75a
19 verbose url raw /fs-extra
20 verbose url resolving [ 'https://registry.npmjs.org/', './fs-extra' ]
21 verbose url resolved https://registry.npmjs.org/fs-extra
22 verbose request where is https://registry.npmjs.org/fs-extra
23 info trying registry request attempt 1 at 11:57:27
24 verbose etag "3AJ19E3C3LGTYIK815D1G7VF4"
25 http GET https://registry.npmjs.org/fs-extra
26 http 200 https://registry.npmjs.org/fs-extra
27 silly registry.get cb [ 200,
27 silly registry.get   { date: 'Mon, 15 Dec 2014 16:57:28 GMT',
27 silly registry.get     server: 'CouchDB/1.5.0 (Erlang OTP/R16B03)',
27 silly registry.get     etag: '"45636DSWN6TJEM21H9M1UAHEV"',
27 silly registry.get     'content-type': 'application/json',
27 silly registry.get     'cache-control': 'max-age=60',
27 silly registry.get     'content-length': '51823',
27 silly registry.get     'accept-ranges': 'bytes',
27 silly registry.get     via: '1.1 varnish',
27 silly registry.get     age: '0',
27 silly registry.get     'x-served-by': 'cache-dfw1829-DFW',
27 silly registry.get     'x-cache': 'HIT',
27 silly registry.get     'x-cache-hits': '1',
27 silly registry.get     'x-timer': 'S1418662647.926510,VS0,VE263',
27 silly registry.get     vary: 'Accept',
27 silly registry.get     'keep-alive': 'timeout=10, max=50',
27 silly registry.get     connection: 'Keep-Alive' } ]
28 silly addNameRange number 2 { name: 'fs-extra',
28 silly addNameRange   range: '>=0.13.0-0 <0.14.0-0',
28 silly addNameRange   hasData: true }
29 silly addNameRange versions [ 'fs-extra',
29 silly addNameRange   [ '0.0.1',
29 silly addNameRange     '0.0.11',
29 silly addNameRange     '0.0.3',
29 silly addNameRange     '0.0.4',
29 silly addNameRange     '0.1.0',
29 silly addNameRange     '0.1.1',
29 silly addNameRange     '0.1.2',
29 silly addNameRange     '0.1.3',
29 silly addNameRange     '0.2.0',
29 silly addNameRange     '0.2.1',
29 silly addNameRange     '0.3.0',
29 silly addNameRange     '0.3.1',
29 silly addNameRange     '0.3.2',
29 silly addNameRange     '0.4.0',
29 silly addNameRange     '0.5.0',
29 silly addNameRange     '0.6.0',
29 silly addNameRange     '0.6.1',
29 silly addNameRange     '0.6.2',
29 silly addNameRange     '0.6.3',
29 silly addNameRange     '0.6.4',
29 silly addNameRange     '0.7.0',
29 silly addNameRange     '0.7.1',
29 silly addNameRange     '0.8.0',
29 silly addNameRange     '0.8.1',
29 silly addNameRange     '0.9.0',
29 silly addNameRange     '0.9.1',
29 silly addNameRange     '0.10.0',
29 silly addNameRange     '0.11.0',
29 silly addNameRange     '0.11.1',
29 silly addNameRange     '0.12.0',
29 silly addNameRange     '0.13.0' ] ]
30 verbose addNamed [ 'fs-extra', '0.13.0' ]
31 verbose addNamed [ '0.13.0', '0.13.0' ]
32 silly lockFile fe13d157-fs-extra-0-13-0 fs-extra@0.13.0
33 verbose lock fs-extra@0.13.0 /Users/ninamorena/.npm/fe13d157-fs-extra-0-13-0.lock
34 silly lockFile 3daca5e8-org-fs-extra-fs-extra-0-13-0-tgz https://registry.npmjs.org/fs-extra/-/fs-extra-0.13.0.tgz
35 verbose lock https://registry.npmjs.org/fs-extra/-/fs-extra-0.13.0.tgz /Users/ninamorena/.npm/3daca5e8-org-fs-extra-fs-extra-0-13-0-tgz.lock
36 verbose addRemoteTarball [ 'https://registry.npmjs.org/fs-extra/-/fs-extra-0.13.0.tgz',
36 verbose addRemoteTarball   'dcafc10f2cb5184f2360b5ffff06267370539433' ]
37 info retry fetch attempt 1 at 11:57:28
38 verbose fetch to= /var/folders/t8/0rlwcckn3rgfz4w1s8xxvvg40000gn/T/npm-41882-YTMizs2b/registry.npmjs.org/fs-extra/-/fs-extra-0.13.0.tgz
39 http GET https://registry.npmjs.org/fs-extra/-/fs-extra-0.13.0.tgz
40 http 200 https://registry.npmjs.org/fs-extra/-/fs-extra-0.13.0.tgz
41 silly lockFile 3daca5e8-org-fs-extra-fs-extra-0-13-0-tgz https://registry.npmjs.org/fs-extra/-/fs-extra-0.13.0.tgz
42 silly lockFile 3daca5e8-org-fs-extra-fs-extra-0-13-0-tgz https://registry.npmjs.org/fs-extra/-/fs-extra-0.13.0.tgz
43 silly lockFile fe13d157-fs-extra-0-13-0 fs-extra@0.13.0
44 silly lockFile fe13d157-fs-extra-0-13-0 fs-extra@0.13.0
45 silly lockFile eae7fd1b-fs-extra-0-13-0 fs-extra@^0.13.0
46 silly lockFile eae7fd1b-fs-extra-0-13-0 fs-extra@^0.13.0
47 error Error: EACCES, mkdir '/Users/ninamorena/.npm/fs-extra/0.13.0'
47 error  { [Error: EACCES, mkdir '/Users/ninamorena/.npm/fs-extra/0.13.0']
47 error   errno: 3,
47 error   code: 'EACCES',
47 error   path: '/Users/ninamorena/.npm/fs-extra/0.13.0',
47 error   parent: 'gaheen' }
48 error Please try running this command again as root/Administrator.
49 error System Darwin 14.0.0
50 error command "node" "/usr/local/bin/npm" "install" "fs-extra"
51 error cwd /Users/ninamorena/Sites/gaheen-2
52 error node -v v0.10.33
53 error npm -v 1.4.28
54 error path /Users/ninamorena/.npm/fs-extra/0.13.0
55 error code EACCES
56 error errno 3
57 error stack Error: EACCES, mkdir '/Users/ninamorena/.npm/fs-extra/0.13.0'
58 verbose exit [ 3, true ]
